\BOOKMARK [0][-]{chapter.1}{\376\377\000C\000l\000a\000s\000s\000\040\000I\000n\000d\000e\000x}{}% 1
\BOOKMARK [1][-]{section.1.1}{\376\377\000C\000l\000a\000s\000s\000\040\000L\000i\000s\000t}{chapter.1}% 2
\BOOKMARK [0][-]{chapter.2}{\376\377\000F\000i\000l\000e\000\040\000I\000n\000d\000e\000x}{}% 3
\BOOKMARK [1][-]{section.2.1}{\376\377\000F\000i\000l\000e\000\040\000L\000i\000s\000t}{chapter.2}% 4
\BOOKMARK [0][-]{chapter.3}{\376\377\000C\000l\000a\000s\000s\000\040\000D\000o\000c\000u\000m\000e\000n\000t\000a\000t\000i\000o\000n}{}% 5
\BOOKMARK [1][-]{section.3.1}{\376\377\000c\000o\000n\000f\000i\000g\000\137\000p\000a\000r\000a\000m\000s\000\040\000S\000t\000r\000u\000c\000t\000\040\000R\000e\000f\000e\000r\000e\000n\000c\000e}{chapter.3}% 6
\BOOKMARK [2][-]{subsection.3.1.1}{\376\377\000D\000e\000t\000a\000i\000l\000e\000d\000\040\000D\000e\000s\000c\000r\000i\000p\000t\000i\000o\000n}{section.3.1}% 7
\BOOKMARK [1][-]{section.3.2}{\376\377\000s\000t\000o\000r\000a\000g\000e\000\137\000r\000e\000c\000o\000r\000d\000\040\000S\000t\000r\000u\000c\000t\000\040\000R\000e\000f\000e\000r\000e\000n\000c\000e}{chapter.3}% 8
\BOOKMARK [2][-]{subsection.3.2.1}{\376\377\000D\000e\000t\000a\000i\000l\000e\000d\000\040\000D\000e\000s\000c\000r\000i\000p\000t\000i\000o\000n}{section.3.2}% 9
\BOOKMARK [1][-]{section.3.3}{\376\377\000s\000t\000r\000i\000n\000g\000\040\000S\000t\000r\000u\000c\000t\000\040\000R\000e\000f\000e\000r\000e\000n\000c\000e}{chapter.3}% 10
\BOOKMARK [2][-]{subsection.3.3.1}{\376\377\000D\000e\000t\000a\000i\000l\000e\000d\000\040\000D\000e\000s\000c\000r\000i\000p\000t\000i\000o\000n}{section.3.3}% 11
\BOOKMARK [1][-]{section.3.4}{\376\377\000s\000t\000r\000i\000n\000g\0001\000\040\000S\000t\000r\000u\000c\000t\000\040\000R\000e\000f\000e\000r\000e\000n\000c\000e}{chapter.3}% 12
\BOOKMARK [2][-]{subsection.3.4.1}{\376\377\000D\000e\000t\000a\000i\000l\000e\000d\000\040\000D\000e\000s\000c\000r\000i\000p\000t\000i\000o\000n}{section.3.4}% 13
\BOOKMARK [1][-]{section.3.5}{\376\377\000s\000t\000r\000i\000n\000g\0002\000\040\000S\000t\000r\000u\000c\000t\000\040\000R\000e\000f\000e\000r\000e\000n\000c\000e}{chapter.3}% 14
\BOOKMARK [2][-]{subsection.3.5.1}{\376\377\000D\000e\000t\000a\000i\000l\000e\000d\000\040\000D\000e\000s\000c\000r\000i\000p\000t\000i\000o\000n}{section.3.5}% 15
\BOOKMARK [1][-]{section.3.6}{\376\377\000t\000h\000r\000e\000a\000d\000\137\000d\000a\000t\000a\000\040\000S\000t\000r\000u\000c\000t\000\040\000R\000e\000f\000e\000r\000e\000n\000c\000e}{chapter.3}% 16
\BOOKMARK [2][-]{subsection.3.6.1}{\376\377\000D\000e\000t\000a\000i\000l\000e\000d\000\040\000D\000e\000s\000c\000r\000i\000p\000t\000i\000o\000n}{section.3.6}% 17
\BOOKMARK [0][-]{chapter.4}{\376\377\000F\000i\000l\000e\000\040\000D\000o\000c\000u\000m\000e\000n\000t\000a\000t\000i\000o\000n}{}% 18
\BOOKMARK [1][-]{section.4.1}{\376\377\000c\000l\000i\000e\000n\000t\000.\000c\000\040\000F\000i\000l\000e\000\040\000R\000e\000f\000e\000r\000e\000n\000c\000e}{chapter.4}% 19
\BOOKMARK [2][-]{subsection.4.1.1}{\376\377\000D\000e\000t\000a\000i\000l\000e\000d\000\040\000D\000e\000s\000c\000r\000i\000p\000t\000i\000o\000n}{section.4.1}% 20
\BOOKMARK [2][-]{subsection.4.1.2}{\376\377\000F\000u\000n\000c\000t\000i\000o\000n\000\040\000D\000o\000c\000u\000m\000e\000n\000t\000a\000t\000i\000o\000n}{section.4.1}% 21
\BOOKMARK [3][-]{subsubsection.4.1.2.1}{\376\377\000m\000a\000i\000n}{subsection.4.1.2}% 22
\BOOKMARK [3][-]{subsubsection.4.1.2.2}{\376\377\000P\000r\000i\000n\000t\000V\000a\000l\000u\000e}{subsection.4.1.2}% 23
\BOOKMARK [1][-]{section.4.2}{\376\377\000e\000n\000c\000r\000y\000p\000t\000\137\000p\000a\000s\000s\000w\000d\000.\000c\000\040\000F\000i\000l\000e\000\040\000R\000e\000f\000e\000r\000e\000n\000c\000e}{chapter.4}% 24
\BOOKMARK [2][-]{subsection.4.2.1}{\376\377\000D\000e\000t\000a\000i\000l\000e\000d\000\040\000D\000e\000s\000c\000r\000i\000p\000t\000i\000o\000n}{section.4.2}% 25
\BOOKMARK [2][-]{subsection.4.2.2}{\376\377\000F\000u\000n\000c\000t\000i\000o\000n\000\040\000D\000o\000c\000u\000m\000e\000n\000t\000a\000t\000i\000o\000n}{section.4.2}% 26
\BOOKMARK [3][-]{subsubsection.4.2.2.1}{\376\377\000m\000a\000i\000n}{subsection.4.2.2}% 27
\BOOKMARK [1][-]{section.4.3}{\376\377\000l\000o\000g\000g\000e\000r\000.\000h\000\040\000F\000i\000l\000e\000\040\000R\000e\000f\000e\000r\000e\000n\000c\000e}{chapter.4}% 28
\BOOKMARK [2][-]{subsection.4.3.1}{\376\377\000D\000e\000t\000a\000i\000l\000e\000d\000\040\000D\000e\000s\000c\000r\000i\000p\000t\000i\000o\000n}{section.4.3}% 29
\BOOKMARK [1][-]{section.4.4}{\376\377\000s\000e\000r\000v\000e\000r\000.\000c\000\040\000F\000i\000l\000e\000\040\000R\000e\000f\000e\000r\000e\000n\000c\000e}{chapter.4}% 30
\BOOKMARK [2][-]{subsection.4.4.1}{\376\377\000D\000e\000t\000a\000i\000l\000e\000d\000\040\000D\000e\000s\000c\000r\000i\000p\000t\000i\000o\000n}{section.4.4}% 31
\BOOKMARK [2][-]{subsection.4.4.2}{\376\377\000F\000u\000n\000c\000t\000i\000o\000n\000\040\000D\000o\000c\000u\000m\000e\000n\000t\000a\000t\000i\000o\000n}{section.4.4}% 32
\BOOKMARK [3][-]{subsubsection.4.4.2.1}{\376\377\000m\000a\000i\000n}{subsection.4.4.2}% 33
\BOOKMARK [3][-]{subsubsection.4.4.2.2}{\376\377\000T\000e\000s\000t\000i\000n\000g\000C\000h\000a\000r\000A\000r\000r\000a\000y}{subsection.4.4.2}% 34
\BOOKMARK [1][-]{section.4.5}{\376\377\000s\000t\000o\000r\000a\000g\000e\000.\000c\000\040\000F\000i\000l\000e\000\040\000R\000e\000f\000e\000r\000e\000n\000c\000e}{chapter.4}% 35
\BOOKMARK [2][-]{subsection.4.5.1}{\376\377\000D\000e\000t\000a\000i\000l\000e\000d\000\040\000D\000e\000s\000c\000r\000i\000p\000t\000i\000o\000n}{section.4.5}% 36
\BOOKMARK [2][-]{subsection.4.5.2}{\376\377\000F\000u\000n\000c\000t\000i\000o\000n\000\040\000D\000o\000c\000u\000m\000e\000n\000t\000a\000t\000i\000o\000n}{section.4.5}% 37
\BOOKMARK [3][-]{subsubsection.4.5.2.1}{\376\377\000M\000o\000d\000i\000f\000y\000S\000t\000r\000i\000n\000g}{subsection.4.5.2}% 38
\BOOKMARK [3][-]{subsubsection.4.5.2.2}{\376\377\000s\000t\000o\000r\000a\000g\000e\000\137\000a\000u\000t\000h}{subsection.4.5.2}% 39
\BOOKMARK [3][-]{subsubsection.4.5.2.3}{\376\377\000s\000t\000o\000r\000a\000g\000e\000\137\000c\000o\000n\000n\000e\000c\000t}{subsection.4.5.2}% 40
\BOOKMARK [3][-]{subsubsection.4.5.2.4}{\376\377\000s\000t\000o\000r\000a\000g\000e\000\137\000d\000i\000s\000c\000o\000n\000n\000e\000c\000t}{subsection.4.5.2}% 41
\BOOKMARK [3][-]{subsubsection.4.5.2.5}{\376\377\000s\000t\000o\000r\000a\000g\000e\000\137\000g\000e\000t}{subsection.4.5.2}% 42
\BOOKMARK [3][-]{subsubsection.4.5.2.6}{\376\377\000s\000t\000o\000r\000a\000g\000e\000\137\000q\000u\000e\000r\000y}{subsection.4.5.2}% 43
\BOOKMARK [3][-]{subsubsection.4.5.2.7}{\376\377\000s\000t\000o\000r\000a\000g\000e\000\137\000s\000e\000t}{subsection.4.5.2}% 44
\BOOKMARK [2][-]{subsection.4.5.3}{\376\377\000V\000a\000r\000i\000a\000b\000l\000e\000\040\000D\000o\000c\000u\000m\000e\000n\000t\000a\000t\000i\000o\000n}{section.4.5}% 45
\BOOKMARK [3][-]{subsubsection.4.5.3.1}{\376\377\000f\000i\000l\000e}{subsection.4.5.3}% 46
\BOOKMARK [1][-]{section.4.6}{\376\377\000s\000t\000o\000r\000a\000g\000e\000.\000h\000\040\000F\000i\000l\000e\000\040\000R\000e\000f\000e\000r\000e\000n\000c\000e}{chapter.4}% 47
\BOOKMARK [2][-]{subsection.4.6.1}{\376\377\000D\000e\000t\000a\000i\000l\000e\000d\000\040\000D\000e\000s\000c\000r\000i\000p\000t\000i\000o\000n}{section.4.6}% 48
\BOOKMARK [2][-]{subsection.4.6.2}{\376\377\000F\000u\000n\000c\000t\000i\000o\000n\000\040\000D\000o\000c\000u\000m\000e\000n\000t\000a\000t\000i\000o\000n}{section.4.6}% 49
\BOOKMARK [3][-]{subsubsection.4.6.2.1}{\376\377\000s\000t\000o\000r\000a\000g\000e\000\137\000a\000u\000t\000h}{subsection.4.6.2}% 50
\BOOKMARK [3][-]{subsubsection.4.6.2.2}{\376\377\000s\000t\000o\000r\000a\000g\000e\000\137\000c\000o\000n\000n\000e\000c\000t}{subsection.4.6.2}% 51
\BOOKMARK [3][-]{subsubsection.4.6.2.3}{\376\377\000s\000t\000o\000r\000a\000g\000e\000\137\000d\000i\000s\000c\000o\000n\000n\000e\000c\000t}{subsection.4.6.2}% 52
\BOOKMARK [3][-]{subsubsection.4.6.2.4}{\376\377\000s\000t\000o\000r\000a\000g\000e\000\137\000g\000e\000t}{subsection.4.6.2}% 53
\BOOKMARK [3][-]{subsubsection.4.6.2.5}{\376\377\000s\000t\000o\000r\000a\000g\000e\000\137\000q\000u\000e\000r\000y}{subsection.4.6.2}% 54
\BOOKMARK [3][-]{subsubsection.4.6.2.6}{\376\377\000s\000t\000o\000r\000a\000g\000e\000\137\000s\000e\000t}{subsection.4.6.2}% 55
\BOOKMARK [1][-]{section.4.7}{\376\377\000u\000t\000i\000l\000s\000.\000c\000\040\000F\000i\000l\000e\000\040\000R\000e\000f\000e\000r\000e\000n\000c\000e}{chapter.4}% 56
\BOOKMARK [2][-]{subsection.4.7.1}{\376\377\000D\000e\000t\000a\000i\000l\000e\000d\000\040\000D\000e\000s\000c\000r\000i\000p\000t\000i\000o\000n}{section.4.7}% 57
\BOOKMARK [2][-]{subsection.4.7.2}{\376\377\000F\000u\000n\000c\000t\000i\000o\000n\000\040\000D\000o\000c\000u\000m\000e\000n\000t\000a\000t\000i\000o\000n}{section.4.7}% 58
\BOOKMARK [3][-]{subsubsection.4.7.2.1}{\376\377\000g\000e\000n\000e\000r\000a\000t\000e\000\137\000e\000n\000c\000r\000y\000p\000t\000e\000d\000\137\000p\000a\000s\000s\000w\000o\000r\000d}{subsection.4.7.2}% 59
\BOOKMARK [3][-]{subsubsection.4.7.2.2}{\376\377\000l\000o\000g\000g\000e\000r}{subsection.4.7.2}% 60
\BOOKMARK [3][-]{subsubsection.4.7.2.3}{\376\377\000M\000o\000d\000i\000f\000y\000S\000t\000r\000i\000n\000g\0002}{subsection.4.7.2}% 61
\BOOKMARK [3][-]{subsubsection.4.7.2.4}{\376\377\000p\000r\000o\000c\000e\000s\000s\000\137\000c\000o\000n\000f\000i\000g\000\137\000l\000i\000n\000e}{subsection.4.7.2}% 62
\BOOKMARK [3][-]{subsubsection.4.7.2.5}{\376\377\000r\000e\000a\000d\000\137\000c\000o\000n\000f\000i\000g}{subsection.4.7.2}% 63
\BOOKMARK [3][-]{subsubsection.4.7.2.6}{\376\377\000r\000e\000c\000v\000l\000i\000n\000e}{subsection.4.7.2}% 64
\BOOKMARK [3][-]{subsubsection.4.7.2.7}{\376\377\000s\000e\000n\000d\000a\000l\000l}{subsection.4.7.2}% 65
\BOOKMARK [3][-]{subsubsection.4.7.2.8}{\376\377\000T\000e\000s\000t\000i\000n\000g\000S\000t\000r\000i\000n\000g\000C\000o\000r\000r\000e\000c\000t\000n\000e\000s\000s}{subsection.4.7.2}% 66
\BOOKMARK [1][-]{section.4.8}{\376\377\000u\000t\000i\000l\000s\000.\000h\000\040\000F\000i\000l\000e\000\040\000R\000e\000f\000e\000r\000e\000n\000c\000e}{chapter.4}% 67
\BOOKMARK [2][-]{subsection.4.8.1}{\376\377\000D\000e\000t\000a\000i\000l\000e\000d\000\040\000D\000e\000s\000c\000r\000i\000p\000t\000i\000o\000n}{section.4.8}% 68
\BOOKMARK [2][-]{subsection.4.8.2}{\376\377\000M\000a\000c\000r\000o\000\040\000D\000e\000f\000i\000n\000i\000t\000i\000o\000n\000\040\000D\000o\000c\000u\000m\000e\000n\000t\000a\000t\000i\000o\000n}{section.4.8}% 69
\BOOKMARK [3][-]{subsubsection.4.8.2.1}{\376\377\000D\000B\000G}{subsection.4.8.2}% 70
\BOOKMARK [3][-]{subsubsection.4.8.2.2}{\376\377\000L\000O\000G}{subsection.4.8.2}% 71
\BOOKMARK [2][-]{subsection.4.8.3}{\376\377\000F\000u\000n\000c\000t\000i\000o\000n\000\040\000D\000o\000c\000u\000m\000e\000n\000t\000a\000t\000i\000o\000n}{section.4.8}% 72
\BOOKMARK [3][-]{subsubsection.4.8.3.1}{\376\377\000g\000e\000n\000e\000r\000a\000t\000e\000\137\000e\000n\000c\000r\000y\000p\000t\000e\000d\000\137\000p\000a\000s\000s\000w\000o\000r\000d}{subsection.4.8.3}% 73
\BOOKMARK [3][-]{subsubsection.4.8.3.2}{\376\377\000l\000o\000g\000g\000e\000r}{subsection.4.8.3}% 74
\BOOKMARK [3][-]{subsubsection.4.8.3.3}{\376\377\000r\000e\000a\000d\000\137\000c\000o\000n\000f\000i\000g}{subsection.4.8.3}% 75
\BOOKMARK [3][-]{subsubsection.4.8.3.4}{\376\377\000r\000e\000c\000v\000l\000i\000n\000e}{subsection.4.8.3}% 76
\BOOKMARK [3][-]{subsubsection.4.8.3.5}{\376\377\000s\000e\000n\000d\000a\000l\000l}{subsection.4.8.3}% 77
